<?xml version="1.0" encoding="UTF-8"?>
<testng-results ignored="0" total="2" passed="2" failed="0" skipped="0">
  <reporter-output>
  </reporter-output>
  <suite started-at="2025-01-18T18:31:50 IST" name="Default suite" finished-at="2025-01-18T18:31:57 IST" duration-ms="6412">
    <groups>
    </groups>
    <test started-at="2025-01-18T18:31:50 IST" name="Default test" finished-at="2025-01-18T18:31:57 IST" duration-ms="6412">
      <class name="com.myfirstproject.FirstSelenium">
        <test-method signature="googleSearch()[pri:0, instance:com.myfirstproject.FirstSelenium@22555ebf]" started-at="2025-01-18T18:31:50 IST" name="googleSearch" finished-at="2025-01-18T18:31:54 IST" duration-ms="4146" status="PASS">
          <reporter-output>
          </reporter-output>
        </test-method> <!-- googleSearch -->
        <test-method signature="techcanvass()[pri:0, instance:com.myfirstproject.FirstSelenium@22555ebf]" started-at="2025-01-18T18:31:54 IST" name="techcanvass" finished-at="2025-01-18T18:31:57 IST" duration-ms="2174" status="PASS">
          <reporter-output>
          </reporter-output>
        </test-method> <!-- techcanvass -->
      </class> <!-- com.myfirstproject.FirstSelenium -->
    </test> <!-- Default test -->
  </suite> <!-- Default suite -->
</testng-results>
