<?xml version="1.0" encoding="UTF-8"?>
<testng-results ignored="0" total="2" passed="2" failed="0" skipped="0">
  <reporter-output>
  </reporter-output>
  <suite started-at="2025-02-08T20:26:29 IST" name="Default suite" finished-at="2025-02-08T20:26:43 IST" duration-ms="14537">
    <groups>
    </groups>
    <test started-at="2025-02-08T20:26:29 IST" name="Default test" finished-at="2025-02-08T20:26:43 IST" duration-ms="14537">
      <class name="pom.demo.tests.LoginTest">
        <test-method is-config="true" signature="setup()[pri:0, instance:pom.demo.tests.LoginTest@d35dea7]" started-at="2025-02-08T20:26:29 IST" name="setup" finished-at="2025-02-08T20:26:35 IST" duration-ms="5953" status="PASS">
          <reporter-output>
          </reporter-output>
        </test-method> <!-- setup -->
        <test-method signature="login()[pri:0, instance:pom.demo.tests.LoginTest@d35dea7]" started-at="2025-02-08T20:26:35 IST" name="login" finished-at="2025-02-08T20:26:37 IST" duration-ms="2623" status="PASS">
          <reporter-output>
          </reporter-output>
        </test-method> <!-- login -->
        <test-method signature="loginTest()[pri:0, instance:pom.demo.tests.LoginTest@d35dea7]" started-at="2025-02-08T20:26:37 IST" name="loginTest" finished-at="2025-02-08T20:26:42 IST" duration-ms="4688" status="PASS">
          <reporter-output>
          </reporter-output>
        </test-method> <!-- loginTest -->
        <test-method is-config="true" signature="tearDown()[pri:0, instance:pom.demo.tests.LoginTest@d35dea7]" started-at="2025-02-08T20:26:42 IST" name="tearDown" finished-at="2025-02-08T20:26:43 IST" duration-ms="1212" status="PASS">
          <reporter-output>
          </reporter-output>
        </test-method> <!-- tearDown -->
      </class> <!-- pom.demo.tests.LoginTest -->
    </test> <!-- Default test -->
  </suite> <!-- Default suite -->
</testng-results>
