<?xml version="1.0" encoding="UTF-8"?>
<!-- Generated by org.testng.reporters.JUnitXMLReporter -->
<testsuite ignored="0" hostname="LAPTOP-BIT4U18U" failures="0" tests="3" name="Login Tests" time="23.398" errors="0" timestamp="2025-01-26T18:15:53 IST">
  <testcase classname="pom.demo.tests.LoginTest" name="login" time="2.019"/>
  <testcase classname="pom.demo.tests.LoginTest" name="loginTest" time="4.873"/>
  <testcase classname="pom.demo.tests.LoginTestFail" name="loginTestIncorrectCredentials" time="5.436"/>
</testsuite> <!-- Login Tests -->
