-------------------------------------------------------------------------------
Test set: TestRunner
-------------------------------------------------------------------------------
Tests run: 6, Failures: 2, Errors: 0, Skipped: 0, Time elapsed: 57.97 s <<< FAILURE! -- in TestRunner
Cart Items Total.Order placed successfully for DT with correct amount and tax calculations #2 -- Time elapsed: 8.945 s <<< FAILURE!
java.lang.AssertionError: expected:<2.59038> but was:<2.56>
	at steps.CartSteps.percent_tax_must_be_added_to_item_total(CartSteps.java:153)
	at ✽.8.1 percent tax must be added to item total(file:///C:/Training2025/GitJava/java_maven_2025/cucumber/src/test/resources/features/cart_amount.feature:36)

Cart Items Total.Order placed successfully for DT with correct amount and tax calculations #3 -- Time elapsed: 9.053 s <<< FAILURE!
java.lang.AssertionError: expected:<2.2386> but was:<2.56>
	at steps.CartSteps.percent_tax_must_be_added_to_item_total(CartSteps.java:153)
	at ✽.7 percent tax must be added to item total(file:///C:/Training2025/GitJava/java_maven_2025/cucumber/src/test/resources/features/cart_amount.feature:36)

