<?xml version="1.0" encoding="UTF-8"?>
<testsuite xmlns:xsi="http://www.w3.org/2001/XMLSchema-instance" xsi:noNamespaceSchemaLocation="https://maven.apache.org/surefire/maven-surefire-plugin/xsd/surefire-test-report.xsd" version="3.0.2" name="TestRunner" time="57.966" tests="6" errors="0" skipped="0" failures="2">
  <properties>
[...]
</properties>
  <testcase name="Order placed successfully with two products" classname="Cart Items Total" time="9.532">
    <system-out><![CDATA[
@regression
Scenario: Order placed successfully with two products                     &amp#27;[90m# src/test/resources/features/cart_amount.feature:7&amp#27;[0m
  &amp#27;[32mAnd &amp#27;[0m&amp#27;[32mUser is on login page&amp#27;[0m                                               &amp#27;[90m# steps.LoginSteps.user_is_on_login_page()&amp#27;[0m
  &amp#27;[32mWhen &amp#27;[0m&amp#27;[32mUser enters valid username standard_user and password secret_sauce&amp#27;[0m &amp#27;[90m# steps.LoginSteps.user_enters_valid_username_standard_user_and_password_secret_sauce()&amp#27;[0m
  &amp#27;[32mThen &amp#27;[0m&amp#27;[32mUser should successfully login&amp#27;[0m                                     &amp#27;[90m# steps.LoginSteps.user_should_successfully_login()&amp#27;[0m
  &amp#27;[32mAnd &amp#27;[0m&amp#27;[32mUser should be on inventory page&amp#27;[0m                                    &amp#27;[90m# steps.LoginSteps.user_should_be_on_inventory_page()&amp#27;[0m
  &amp#27;[32mWhen &amp#27;[0m&amp#27;[32mUser adds Bolt T-Shirt and Red T-Shirt to the cart&amp#27;[0m                 &amp#27;[90m# steps.CartSteps.user_adds_bolt_t_shirt_and_red_t_shirt_to_the_cart()&amp#27;[0m
  &amp#27;[32mAnd &amp#27;[0m&amp#27;[32mClick on Cart Icon&amp#27;[0m                                                  &amp#27;[90m# steps.CartSteps.click_on_cart_icon()&amp#27;[0m
  &amp#27;[32mAnd &amp#27;[0m&amp#27;[32mClicks on Checkout button&amp#27;[0m                                           &amp#27;[90m# steps.CartSteps.clicks_on_checkout_button()&amp#27;[0m
  &amp#27;[32mAnd &amp#27;[0m&amp#27;[32menters first name as &amp#27;[0m&amp#27;[32m&amp#27;[1m"Jon"&amp#27;[0m&amp#27;[32m, last name as &amp#27;[0m&amp#27;[32m&amp#27;[1m"Tom"&amp#27;[0m&amp#27;[32m, zip code as &amp#27;[0m&amp#27;[32m&amp#27;[1m12345&amp#27;[0m   &amp#27;[90m# steps.CartSteps.enters_first_name_as_jon_last_name_as_tom_zip_code_as(java.lang.String,java.lang.String,int)&amp#27;[0m
  &amp#27;[32mAnd &amp#27;[0m&amp#27;[32mClick on Continue button&amp#27;[0m                                            &amp#27;[90m# steps.CartSteps.click_on_continue_button()&amp#27;[0m
  &amp#27;[32mAnd &amp#27;[0m&amp#27;[32mClicks on Finish button&amp#27;[0m                                             &amp#27;[90m# steps.CartSteps.clicks_on_finish_button()&amp#27;[0m
  &amp#27;[32mThen &amp#27;[0m&amp#27;[32mThank you for your order! must be displayed to the user&amp#27;[0m            &amp#27;[90m# steps.CartSteps.thank_you_for_your_order_must_be_displayed_to_the_user()&amp#27;[0m
  &amp#27;[32mAnd &amp#27;[0m&amp#27;[32mUser must be on checkout-complete page&amp#27;[0m                              &amp#27;[90m# steps.CartSteps.user_must_be_on_checkout_complete_page()&amp#27;[0m
]]></system-out>
    <system-err><![CDATA[SLF4J(W): No SLF4J providers were found.
SLF4J(W): Defaulting to no-operation (NOP) logger implementation
SLF4J(W): See https://www.slf4j.org/codes.html#noProviders for further details.
Feb 22, 2025 6:30:25 PM org.openqa.selenium.devtools.CdpVersionFinder findNearestMatch
WARNING: Unable to find an exact match for CDP version 133, returning the closest version; found: 131; Please update to a Selenium version that supports CDP version 133
Feb 22, 2025 6:30:31 PM org.openqa.selenium.remote.http.WebSocket$Listener onError
WARNING: Connection reset
java.net.SocketException: Connection reset
	at java.base/sun.nio.ch.SocketChannelImpl.throwConnectionReset(SocketChannelImpl.java:403)
	at java.base/sun.nio.ch.SocketChannelImpl.implRead(SocketChannelImpl.java:435)
	at java.base/sun.nio.ch.SocketChannelImpl.read(SocketChannelImpl.java:493)
	at java.net.http/jdk.internal.net.http.SocketTube.readAvailable(SocketTube.java:1178)
	at java.net.http/jdk.internal.net.http.SocketTube$InternalReadPublisher$InternalReadSubscription.read(SocketTube.java:841)
	at java.net.http/jdk.internal.net.http.SocketTube$SocketFlowTask.run(SocketTube.java:181)
	at java.net.http/jdk.internal.net.http.common.SequentialScheduler$SchedulableTask.run(SequentialScheduler.java:207)
	at java.net.http/jdk.internal.net.http.common.SequentialScheduler.runOrSchedule(SequentialScheduler.java:280)
	at java.net.http/jdk.internal.net.http.common.SequentialScheduler.runOrSchedule(SequentialScheduler.java:233)
	at java.net.http/jdk.internal.net.http.SocketTube$InternalReadPublisher$InternalReadSubscription.signalReadable(SocketTube.java:782)
	at java.net.http/jdk.internal.net.http.SocketTube$InternalReadPublisher$ReadEvent.signalEvent(SocketTube.java:965)
	at java.net.http/jdk.internal.net.http.SocketTube$SocketFlowEvent.handle(SocketTube.java:253)
	at java.net.http/jdk.internal.net.http.HttpClientImpl$SelectorManager.handleEvent(HttpClientImpl.java:1478)
	at java.net.http/jdk.internal.net.http.HttpClientImpl$SelectorManager.lambda$run$3(HttpClientImpl.java:1423)
	at java.base/java.util.ArrayList.forEach(ArrayList.java:1597)
	at java.net.http/jdk.internal.net.http.HttpClientImpl$SelectorManager.run(HttpClientImpl.java:1423)

]]></system-err>
  </testcase>
  <testcase name="Order placed successfully for DT with correct amount and tax calculations #1" classname="Cart Items Total" time="8.73">
    <system-out><![CDATA[
@regression
Scenario Outline: Order placed successfully for DT with correct amount and tax calculations   &amp#27;[90m# src/test/resources/features/cart_amount.feature:44&amp#27;[0m
  &amp#27;[32mGiven &amp#27;[0m&amp#27;[32mUser is on login page&amp#27;[0m                                                                 &amp#27;[90m# steps.LoginSteps.user_is_on_login_page()&amp#27;[0m
  &amp#27;[32mWhen &amp#27;[0m&amp#27;[32mUser enters valid username standard_user and password secret_sauce&amp#27;[0m                     &amp#27;[90m# steps.LoginSteps.user_enters_valid_username_standard_user_and_password_secret_sauce()&amp#27;[0m
  &amp#27;[32mThen &amp#27;[0m&amp#27;[32mUser should successfully login&amp#27;[0m                                                         &amp#27;[90m# steps.LoginSteps.user_should_successfully_login()&amp#27;[0m
  &amp#27;[32mAnd &amp#27;[0m&amp#27;[32mUser should be on inventory page&amp#27;[0m                                                        &amp#27;[90m# steps.LoginSteps.user_should_be_on_inventory_page()&amp#27;[0m
  &amp#27;[32mWhen &amp#27;[0m&amp#27;[32mUser adds Bolt T-Shirt and Red T-Shirt to the cart&amp#27;[0m                                     &amp#27;[90m# steps.CartSteps.user_adds_bolt_t_shirt_and_red_t_shirt_to_the_cart()&amp#27;[0m
  &amp#27;[32mAnd &amp#27;[0m&amp#27;[32mClick on Cart Icon&amp#27;[0m                                                                      &amp#27;[90m# steps.CartSteps.click_on_cart_icon()&amp#27;[0m
Price = 15.99
Price = 15.99
  &amp#27;[32mAnd &amp#27;[0m&amp#27;[32mRead and store the prices of added products&amp#27;[0m                                             &amp#27;[90m# steps.CartSteps.read_and_store_the_prices_of_added_products()&amp#27;[0m
  &amp#27;[32mAnd &amp#27;[0m&amp#27;[32mClicks on Checkout button&amp#27;[0m                                                               &amp#27;[90m# steps.CartSteps.clicks_on_checkout_button()&amp#27;[0m
  &amp#27;[32mAnd &amp#27;[0m&amp#27;[32menters first name as &amp#27;[0m&amp#27;[32m&amp#27;[1m"Donald"&amp#27;[0m&amp#27;[32m, last name as &amp#27;[0m&amp#27;[32m&amp#27;[1m"Trump"&amp#27;[0m&amp#27;[32m, zip code as &amp#27;[0m&amp#27;[32m&amp#27;[1m45678&amp#27;[0m                  &amp#27;[90m# steps.CartSteps.enters_first_name_as_jon_last_name_as_tom_zip_code_as(java.lang.String,java.lang.String,int)&amp#27;[0m
  &amp#27;[32mAnd &amp#27;[0m&amp#27;[32mClick on Continue button&amp#27;[0m                                                                &amp#27;[90m# steps.CartSteps.click_on_continue_button()&amp#27;[0m
  &amp#27;[32mThen &amp#27;[0m&amp#27;[32mtotal of added products must be displayed correctly under Price Total Item Total label&amp#27;[0m &amp#27;[90m# steps.CartSteps.total_of_added_products_must_be_displayed_correctly_under_price_total_item_total_label()&amp#27;[0m
  &amp#27;[32mAnd &amp#27;[0m&amp#27;[32m&amp#27;[0m&amp#27;[32m&amp#27;[1m8&amp#27;[0m&amp#27;[32m percent tax must be added to item total&amp#27;[0m                                               &amp#27;[90m# steps.CartSteps.percent_tax_must_be_added_to_item_total(double)&amp#27;[0m
  &amp#27;[32mAnd &amp#27;[0m&amp#27;[32mvalidate Total label&amp#27;[0m                                                                    &amp#27;[90m# steps.CartSteps.validate_total_label()&amp#27;[0m
  &amp#27;[32mWhen &amp#27;[0m&amp#27;[32mClicks on Finish button&amp#27;[0m                                                                &amp#27;[90m# steps.CartSteps.clicks_on_finish_button()&amp#27;[0m
  &amp#27;[32mThen &amp#27;[0m&amp#27;[32mThank you for your order! must be displayed to the user&amp#27;[0m                                &amp#27;[90m# steps.CartSteps.thank_you_for_your_order_must_be_displayed_to_the_user()&amp#27;[0m
  &amp#27;[32mAnd &amp#27;[0m&amp#27;[32mUser must be on checkout-complete page&amp#27;[0m                                                  &amp#27;[90m# steps.CartSteps.user_must_be_on_checkout_complete_page()&amp#27;[0m
]]></system-out>
    <system-err><![CDATA[Feb 22, 2025 6:30:34 PM org.openqa.selenium.devtools.CdpVersionFinder findNearestMatch
WARNING: Unable to find an exact match for CDP version 133, returning the closest version; found: 131; Please update to a Selenium version that supports CDP version 133
]]></system-err>
  </testcase>
  <testcase name="Order placed successfully for DT with correct amount and tax calculations #2" classname="Cart Items Total" time="8.945">
    <failure message="expected:&lt;2.59038&gt; but was:&lt;2.56&gt;" type="java.lang.AssertionError"><![CDATA[java.lang.AssertionError: expected:<2.59038> but was:<2.56>
	at steps.CartSteps.percent_tax_must_be_added_to_item_total(CartSteps.java:153)
	at ✽.8.1 percent tax must be added to item total(file:///C:/Training2025/GitJava/java_maven_2025/cucumber/src/test/resources/features/cart_amount.feature:36)
]]></failure>
    <system-out><![CDATA[
@regression
Scenario Outline: Order placed successfully for DT with correct amount and tax calculations   &amp#27;[90m# src/test/resources/features/cart_amount.feature:45&amp#27;[0m
  &amp#27;[32mGiven &amp#27;[0m&amp#27;[32mUser is on login page&amp#27;[0m                                                                 &amp#27;[90m# steps.LoginSteps.user_is_on_login_page()&amp#27;[0m
  &amp#27;[32mWhen &amp#27;[0m&amp#27;[32mUser enters valid username standard_user and password secret_sauce&amp#27;[0m                     &amp#27;[90m# steps.LoginSteps.user_enters_valid_username_standard_user_and_password_secret_sauce()&amp#27;[0m
  &amp#27;[32mThen &amp#27;[0m&amp#27;[32mUser should successfully login&amp#27;[0m                                                         &amp#27;[90m# steps.LoginSteps.user_should_successfully_login()&amp#27;[0m
  &amp#27;[32mAnd &amp#27;[0m&amp#27;[32mUser should be on inventory page&amp#27;[0m                                                        &amp#27;[90m# steps.LoginSteps.user_should_be_on_inventory_page()&amp#27;[0m
  &amp#27;[32mWhen &amp#27;[0m&amp#27;[32mUser adds Bolt T-Shirt and Red T-Shirt to the cart&amp#27;[0m                                     &amp#27;[90m# steps.CartSteps.user_adds_bolt_t_shirt_and_red_t_shirt_to_the_cart()&amp#27;[0m
  &amp#27;[32mAnd &amp#27;[0m&amp#27;[32mClick on Cart Icon&amp#27;[0m                                                                      &amp#27;[90m# steps.CartSteps.click_on_cart_icon()&amp#27;[0m
Price = 15.99
Price = 15.99
  &amp#27;[32mAnd &amp#27;[0m&amp#27;[32mRead and store the prices of added products&amp#27;[0m                                             &amp#27;[90m# steps.CartSteps.read_and_store_the_prices_of_added_products()&amp#27;[0m
  &amp#27;[32mAnd &amp#27;[0m&amp#27;[32mClicks on Checkout button&amp#27;[0m                                                               &amp#27;[90m# steps.CartSteps.clicks_on_checkout_button()&amp#27;[0m
  &amp#27;[32mAnd &amp#27;[0m&amp#27;[32menters first name as &amp#27;[0m&amp#27;[32m&amp#27;[1m"Elon"&amp#27;[0m&amp#27;[32m, last name as &amp#27;[0m&amp#27;[32m&amp#27;[1m"Musk"&amp#27;[0m&amp#27;[32m, zip code as &amp#27;[0m&amp#27;[32m&amp#27;[1m78945&amp#27;[0m                     &amp#27;[90m# steps.CartSteps.enters_first_name_as_jon_last_name_as_tom_zip_code_as(java.lang.String,java.lang.String,int)&amp#27;[0m
  &amp#27;[32mAnd &amp#27;[0m&amp#27;[32mClick on Continue button&amp#27;[0m                                                                &amp#27;[90m# steps.CartSteps.click_on_continue_button()&amp#27;[0m
  &amp#27;[32mThen &amp#27;[0m&amp#27;[32mtotal of added products must be displayed correctly under Price Total Item Total label&amp#27;[0m &amp#27;[90m# steps.CartSteps.total_of_added_products_must_be_displayed_correctly_under_price_total_item_total_label()&amp#27;[0m
  &amp#27;[31mAnd &amp#27;[0m&amp#27;[31m&amp#27;[0m&amp#27;[31m&amp#27;[1m8.1&amp#27;[0m&amp#27;[31m percent tax must be added to item total&amp#27;[0m                                             &amp#27;[90m# steps.CartSteps.percent_tax_must_be_added_to_item_total(double)&amp#27;[0m
      &amp#27;[31mjava.lang.AssertionError: expected:<2.59038> but was:<2.56>
      	at org.junit.Assert.fail(Assert.java:89)
      	at org.junit.Assert.failNotEquals(Assert.java:835)
      	at org.junit.Assert.assertEquals(Assert.java:555)
      	at org.junit.Assert.assertEquals(Assert.java:685)
      	at steps.CartSteps.percent_tax_must_be_added_to_item_total(CartSteps.java:153)
      	at ✽.8.1 percent tax must be added to item total(file:///C:/Training2025/GitJava/java_maven_2025/cucumber/src/test/resources/features/cart_amount.feature:36)&amp#27;[0m
  &amp#27;[36mAnd &amp#27;[0m&amp#27;[36mvalidate Total label&amp#27;[0m                                                                    &amp#27;[90m# steps.CartSteps.validate_total_label()&amp#27;[0m
  &amp#27;[36mWhen &amp#27;[0m&amp#27;[36mClicks on Finish button&amp#27;[0m                                                                &amp#27;[90m# steps.CartSteps.clicks_on_finish_button()&amp#27;[0m
  &amp#27;[36mThen &amp#27;[0m&amp#27;[36mThank you for your order! must be displayed to the user&amp#27;[0m                                &amp#27;[90m# steps.CartSteps.thank_you_for_your_order_must_be_displayed_to_the_user()&amp#27;[0m
  &amp#27;[36mAnd &amp#27;[0m&amp#27;[36mUser must be on checkout-complete page&amp#27;[0m                                                  &amp#27;[90m# steps.CartSteps.user_must_be_on_checkout_complete_page()&amp#27;[0m
]]></system-out>
    <system-err><![CDATA[Feb 22, 2025 6:30:43 PM org.openqa.selenium.devtools.CdpVersionFinder findNearestMatch
WARNING: Unable to find an exact match for CDP version 133, returning the closest version; found: 131; Please update to a Selenium version that supports CDP version 133
Feb 22, 2025 6:30:49 PM org.openqa.selenium.remote.http.WebSocket$Listener onError
WARNING: Connection reset
java.net.SocketException: Connection reset
	at java.base/sun.nio.ch.SocketChannelImpl.throwConnectionReset(SocketChannelImpl.java:403)
	at java.base/sun.nio.ch.SocketChannelImpl.implRead(SocketChannelImpl.java:435)
	at java.base/sun.nio.ch.SocketChannelImpl.read(SocketChannelImpl.java:493)
	at java.net.http/jdk.internal.net.http.SocketTube.readAvailable(SocketTube.java:1178)
	at java.net.http/jdk.internal.net.http.SocketTube$InternalReadPublisher$InternalReadSubscription.read(SocketTube.java:841)
	at java.net.http/jdk.internal.net.http.SocketTube$SocketFlowTask.run(SocketTube.java:181)
	at java.net.http/jdk.internal.net.http.common.SequentialScheduler$SchedulableTask.run(SequentialScheduler.java:207)
	at java.net.http/jdk.internal.net.http.common.SequentialScheduler.runOrSchedule(SequentialScheduler.java:280)
	at java.net.http/jdk.internal.net.http.common.SequentialScheduler.runOrSchedule(SequentialScheduler.java:233)
	at java.net.http/jdk.internal.net.http.SocketTube$InternalReadPublisher$InternalReadSubscription.signalReadable(SocketTube.java:782)
	at java.net.http/jdk.internal.net.http.SocketTube$InternalReadPublisher$ReadEvent.signalEvent(SocketTube.java:965)
	at java.net.http/jdk.internal.net.http.SocketTube$SocketFlowEvent.handle(SocketTube.java:253)
	at java.net.http/jdk.internal.net.http.HttpClientImpl$SelectorManager.handleEvent(HttpClientImpl.java:1478)
	at java.net.http/jdk.internal.net.http.HttpClientImpl$SelectorManager.lambda$run$3(HttpClientImpl.java:1423)
	at java.base/java.util.ArrayList.forEach(ArrayList.java:1597)
	at java.net.http/jdk.internal.net.http.HttpClientImpl$SelectorManager.run(HttpClientImpl.java:1423)

]]></system-err>
  </testcase>
  <testcase name="Order placed successfully for DT with correct amount and tax calculations #3" classname="Cart Items Total" time="9.053">
    <failure message="expected:&lt;2.2386&gt; but was:&lt;2.56&gt;" type="java.lang.AssertionError"><![CDATA[java.lang.AssertionError: expected:<2.2386> but was:<2.56>
	at steps.CartSteps.percent_tax_must_be_added_to_item_total(CartSteps.java:153)
	at ✽.7 percent tax must be added to item total(file:///C:/Training2025/GitJava/java_maven_2025/cucumber/src/test/resources/features/cart_amount.feature:36)
]]></failure>
    <system-out><![CDATA[
@regression
Scenario Outline: Order placed successfully for DT with correct amount and tax calculations   &amp#27;[90m# src/test/resources/features/cart_amount.feature:46&amp#27;[0m
  &amp#27;[32mGiven &amp#27;[0m&amp#27;[32mUser is on login page&amp#27;[0m                                                                 &amp#27;[90m# steps.LoginSteps.user_is_on_login_page()&amp#27;[0m
  &amp#27;[32mWhen &amp#27;[0m&amp#27;[32mUser enters valid username standard_user and password secret_sauce&amp#27;[0m                     &amp#27;[90m# steps.LoginSteps.user_enters_valid_username_standard_user_and_password_secret_sauce()&amp#27;[0m
  &amp#27;[32mThen &amp#27;[0m&amp#27;[32mUser should successfully login&amp#27;[0m                                                         &amp#27;[90m# steps.LoginSteps.user_should_successfully_login()&amp#27;[0m
  &amp#27;[32mAnd &amp#27;[0m&amp#27;[32mUser should be on inventory page&amp#27;[0m                                                        &amp#27;[90m# steps.LoginSteps.user_should_be_on_inventory_page()&amp#27;[0m
  &amp#27;[32mWhen &amp#27;[0m&amp#27;[32mUser adds Bolt T-Shirt and Red T-Shirt to the cart&amp#27;[0m                                     &amp#27;[90m# steps.CartSteps.user_adds_bolt_t_shirt_and_red_t_shirt_to_the_cart()&amp#27;[0m
  &amp#27;[32mAnd &amp#27;[0m&amp#27;[32mClick on Cart Icon&amp#27;[0m                                                                      &amp#27;[90m# steps.CartSteps.click_on_cart_icon()&amp#27;[0m
Price = 15.99
Price = 15.99
  &amp#27;[32mAnd &amp#27;[0m&amp#27;[32mRead and store the prices of added products&amp#27;[0m                                             &amp#27;[90m# steps.CartSteps.read_and_store_the_prices_of_added_products()&amp#27;[0m
  &amp#27;[32mAnd &amp#27;[0m&amp#27;[32mClicks on Checkout button&amp#27;[0m                                                               &amp#27;[90m# steps.CartSteps.clicks_on_checkout_button()&amp#27;[0m
  &amp#27;[32mAnd &amp#27;[0m&amp#27;[32menters first name as &amp#27;[0m&amp#27;[32m&amp#27;[1m"Temp"&amp#27;[0m&amp#27;[32m, last name as &amp#27;[0m&amp#27;[32m&amp#27;[1m"TempLast"&amp#27;[0m&amp#27;[32m, zip code as &amp#27;[0m&amp#27;[32m&amp#27;[1m9999999&amp#27;[0m               &amp#27;[90m# steps.CartSteps.enters_first_name_as_jon_last_name_as_tom_zip_code_as(java.lang.String,java.lang.String,int)&amp#27;[0m
  &amp#27;[32mAnd &amp#27;[0m&amp#27;[32mClick on Continue button&amp#27;[0m                                                                &amp#27;[90m# steps.CartSteps.click_on_continue_button()&amp#27;[0m
  &amp#27;[32mThen &amp#27;[0m&amp#27;[32mtotal of added products must be displayed correctly under Price Total Item Total label&amp#27;[0m &amp#27;[90m# steps.CartSteps.total_of_added_products_must_be_displayed_correctly_under_price_total_item_total_label()&amp#27;[0m
  &amp#27;[31mAnd &amp#27;[0m&amp#27;[31m&amp#27;[0m&amp#27;[31m&amp#27;[1m7&amp#27;[0m&amp#27;[31m percent tax must be added to item total&amp#27;[0m                                               &amp#27;[90m# steps.CartSteps.percent_tax_must_be_added_to_item_total(double)&amp#27;[0m
      &amp#27;[31mjava.lang.AssertionError: expected:<2.2386> but was:<2.56>
      	at org.junit.Assert.fail(Assert.java:89)
      	at org.junit.Assert.failNotEquals(Assert.java:835)
      	at org.junit.Assert.assertEquals(Assert.java:555)
      	at org.junit.Assert.assertEquals(Assert.java:685)
      	at steps.CartSteps.percent_tax_must_be_added_to_item_total(CartSteps.java:153)
      	at ✽.7 percent tax must be added to item total(file:///C:/Training2025/GitJava/java_maven_2025/cucumber/src/test/resources/features/cart_amount.feature:36)&amp#27;[0m
  &amp#27;[36mAnd &amp#27;[0m&amp#27;[36mvalidate Total label&amp#27;[0m                                                                    &amp#27;[90m# steps.CartSteps.validate_total_label()&amp#27;[0m
  &amp#27;[36mWhen &amp#27;[0m&amp#27;[36mClicks on Finish button&amp#27;[0m                                                                &amp#27;[90m# steps.CartSteps.clicks_on_finish_button()&amp#27;[0m
  &amp#27;[36mThen &amp#27;[0m&amp#27;[36mThank you for your order! must be displayed to the user&amp#27;[0m                                &amp#27;[90m# steps.CartSteps.thank_you_for_your_order_must_be_displayed_to_the_user()&amp#27;[0m
  &amp#27;[36mAnd &amp#27;[0m&amp#27;[36mUser must be on checkout-complete page&amp#27;[0m                                                  &amp#27;[90m# steps.CartSteps.user_must_be_on_checkout_complete_page()&amp#27;[0m
]]></system-out>
    <system-err><![CDATA[Feb 22, 2025 6:30:52 PM org.openqa.selenium.devtools.CdpVersionFinder findNearestMatch
WARNING: Unable to find an exact match for CDP version 133, returning the closest version; found: 131; Please update to a Selenium version that supports CDP version 133
Feb 22, 2025 6:30:58 PM org.openqa.selenium.remote.http.WebSocket$Listener onError
WARNING: Connection reset
java.net.SocketException: Connection reset
	at java.base/sun.nio.ch.SocketChannelImpl.throwConnectionReset(SocketChannelImpl.java:403)
	at java.base/sun.nio.ch.SocketChannelImpl.implRead(SocketChannelImpl.java:435)
	at java.base/sun.nio.ch.SocketChannelImpl.read(SocketChannelImpl.java:493)
	at java.net.http/jdk.internal.net.http.SocketTube.readAvailable(SocketTube.java:1178)
	at java.net.http/jdk.internal.net.http.SocketTube$InternalReadPublisher$InternalReadSubscription.read(SocketTube.java:841)
	at java.net.http/jdk.internal.net.http.SocketTube$SocketFlowTask.run(SocketTube.java:181)
	at java.net.http/jdk.internal.net.http.common.SequentialScheduler$SchedulableTask.run(SequentialScheduler.java:207)
	at java.net.http/jdk.internal.net.http.common.SequentialScheduler.runOrSchedule(SequentialScheduler.java:280)
	at java.net.http/jdk.internal.net.http.common.SequentialScheduler.runOrSchedule(SequentialScheduler.java:233)
	at java.net.http/jdk.internal.net.http.SocketTube$InternalReadPublisher$InternalReadSubscription.signalReadable(SocketTube.java:782)
	at java.net.http/jdk.internal.net.http.SocketTube$InternalReadPublisher$ReadEvent.signalEvent(SocketTube.java:965)
	at java.net.http/jdk.internal.net.http.SocketTube$SocketFlowEvent.handle(SocketTube.java:253)
	at java.net.http/jdk.internal.net.http.HttpClientImpl$SelectorManager.handleEvent(HttpClientImpl.java:1478)
	at java.net.http/jdk.internal.net.http.HttpClientImpl$SelectorManager.lambda$run$3(HttpClientImpl.java:1423)
	at java.base/java.util.ArrayList.forEach(ArrayList.java:1597)
	at java.net.http/jdk.internal.net.http.HttpClientImpl$SelectorManager.run(HttpClientImpl.java:1423)

]]></system-err>
  </testcase>
  <testcase name="Successful login with valid credentials" classname="Login Functionality" time="10.445">
    <system-out><![CDATA[
@regression
Scenario: Successful login with valid credentials                         &amp#27;[90m# src/test/resources/features/login.feature:7&amp#27;[0m
  &amp#27;[32mGiven &amp#27;[0m&amp#27;[32mUser opens Chrome browser&amp#27;[0m                                         &amp#27;[90m# steps.LoginSteps.user_opens_chrome_browser()&amp#27;[0m
  &amp#27;[32mAnd &amp#27;[0m&amp#27;[32mUser is on login page&amp#27;[0m                                               &amp#27;[90m# steps.LoginSteps.user_is_on_login_page()&amp#27;[0m
  &amp#27;[32mWhen &amp#27;[0m&amp#27;[32mUser enters valid username standard_user and password secret_sauce&amp#27;[0m &amp#27;[90m# steps.LoginSteps.user_enters_valid_username_standard_user_and_password_secret_sauce()&amp#27;[0m
  &amp#27;[32mThen &amp#27;[0m&amp#27;[32mUser should successfully login&amp#27;[0m                                     &amp#27;[90m# steps.LoginSteps.user_should_successfully_login()&amp#27;[0m
  &amp#27;[32mAnd &amp#27;[0m&amp#27;[32mUser should be on inventory page&amp#27;[0m                                    &amp#27;[90m# steps.LoginSteps.user_should_be_on_inventory_page()&amp#27;[0m
  &amp#27;[32mAnd &amp#27;[0m&amp#27;[32mBrowser is closed&amp#27;[0m                                                   &amp#27;[90m# steps.LoginSteps.browserIsClosed()&amp#27;[0m
]]></system-out>
    <system-err><![CDATA[Feb 22, 2025 6:31:01 PM org.openqa.selenium.devtools.CdpVersionFinder findNearestMatch
WARNING: Unable to find an exact match for CDP version 133, returning the closest version; found: 131; Please update to a Selenium version that supports CDP version 133
Feb 22, 2025 6:31:04 PM org.openqa.selenium.devtools.CdpVersionFinder findNearestMatch
WARNING: Unable to find an exact match for CDP version 133, returning the closest version; found: 131; Please update to a Selenium version that supports CDP version 133
Feb 22, 2025 6:31:08 PM org.openqa.selenium.remote.http.WebSocket$Listener onError
WARNING: Connection reset
java.net.SocketException: Connection reset
	at java.base/sun.nio.ch.SocketChannelImpl.throwConnectionReset(SocketChannelImpl.java:403)
	at java.base/sun.nio.ch.SocketChannelImpl.implRead(SocketChannelImpl.java:435)
	at java.base/sun.nio.ch.SocketChannelImpl.read(SocketChannelImpl.java:493)
	at java.net.http/jdk.internal.net.http.SocketTube.readAvailable(SocketTube.java:1178)
	at java.net.http/jdk.internal.net.http.SocketTube$InternalReadPublisher$InternalReadSubscription.read(SocketTube.java:841)
	at java.net.http/jdk.internal.net.http.SocketTube$SocketFlowTask.run(SocketTube.java:181)
	at java.net.http/jdk.internal.net.http.common.SequentialScheduler$SchedulableTask.run(SequentialScheduler.java:207)
	at java.net.http/jdk.internal.net.http.common.SequentialScheduler.runOrSchedule(SequentialScheduler.java:280)
	at java.net.http/jdk.internal.net.http.common.SequentialScheduler.runOrSchedule(SequentialScheduler.java:233)
	at java.net.http/jdk.internal.net.http.SocketTube$InternalReadPublisher$InternalReadSubscription.signalReadable(SocketTube.java:782)
	at java.net.http/jdk.internal.net.http.SocketTube$InternalReadPublisher$ReadEvent.signalEvent(SocketTube.java:965)
	at java.net.http/jdk.internal.net.http.SocketTube$SocketFlowEvent.handle(SocketTube.java:253)
	at java.net.http/jdk.internal.net.http.HttpClientImpl$SelectorManager.handleEvent(HttpClientImpl.java:1478)
	at java.net.http/jdk.internal.net.http.HttpClientImpl$SelectorManager.lambda$run$3(HttpClientImpl.java:1423)
	at java.base/java.util.ArrayList.forEach(ArrayList.java:1597)
	at java.net.http/jdk.internal.net.http.HttpClientImpl$SelectorManager.run(HttpClientImpl.java:1423)

]]></system-err>
  </testcase>
  <testcase name="Unsuccessful login with invalid credentials" classname="Login Functionality" time="10.67">
    <system-out><![CDATA[
@regression
Scenario: Unsuccessful login with invalid credentials                       &amp#27;[90m# src/test/resources/features/login.feature:15&amp#27;[0m
  &amp#27;[32mGiven &amp#27;[0m&amp#27;[32mUser opens Chrome browser&amp#27;[0m                                           &amp#27;[90m# steps.LoginSteps.user_opens_chrome_browser()&amp#27;[0m
  &amp#27;[32mAnd &amp#27;[0m&amp#27;[32mUser is on login page&amp#27;[0m                                                 &amp#27;[90m# steps.LoginSteps.user_is_on_login_page()&amp#27;[0m
  &amp#27;[32mWhen &amp#27;[0m&amp#27;[32mUser enters valid username standard_user and invalid password secret&amp#27;[0m &amp#27;[90m# steps.LoginSteps.user_enters_valid_username_standard_user_and_invalid_password_secret()&amp#27;[0m
  &amp#27;[32mThen &amp#27;[0m&amp#27;[32mLogin should fail&amp#27;[0m                                                    &amp#27;[90m# steps.LoginSteps.login_should_fail()&amp#27;[0m
  &amp#27;[32mAnd &amp#27;[0m&amp#27;[32mUser should be on login page&amp#27;[0m                                          &amp#27;[90m# steps.LoginSteps.user_should_be_on_login_page()&amp#27;[0m
  &amp#27;[32mAnd &amp#27;[0m&amp#27;[32mBrowser is closed&amp#27;[0m                                                     &amp#27;[90m# steps.LoginSteps.browserIsClosed()&amp#27;[0m
]]></system-out>
    <system-err><![CDATA[Feb 22, 2025 6:31:11 PM org.openqa.selenium.devtools.CdpVersionFinder findNearestMatch
WARNING: Unable to find an exact match for CDP version 133, returning the closest version; found: 131; Please update to a Selenium version that supports CDP version 133
Feb 22, 2025 6:31:15 PM org.openqa.selenium.devtools.CdpVersionFinder findNearestMatch
WARNING: Unable to find an exact match for CDP version 133, returning the closest version; found: 131; Please update to a Selenium version that supports CDP version 133
]]></system-err>
  </testcase>
</testsuite>