<?xml version="1.0" encoding="UTF-8"?>
<testsuite xmlns:xsi="http://www.w3.org/2001/XMLSchema-instance" xsi:noNamespaceSchemaLocation="https://maven.apache.org/surefire/maven-surefire-plugin/xsd/surefire-test-report.xsd" version="3.0.2" name="TestRunner" time="1.435" tests="4" errors="0" skipped="0" failures="0">
  <properties>
[...]
</properties>
  <testcase name="Order placed successfully with two products" classname="Cart Items Total" time="0.587">
    <system-out><![CDATA[
Scenario: Order placed successfully with two products               # src/test/resources/features/cart_amount.feature:6
  Given User logs in successfully to sauce demo web application     # steps.CartSteps.user_logs_in_successfully_to_sauce_demo_web_application()
  When User adds Bolt T-Shirt and Red T-Shirt to the cart           # steps.CartSteps.user_adds_bolt_t_shirt_and_red_t_shirt_to_the_cart()
  And Click on Cart Icon                                            # steps.CartSteps.click_on_cart_icon()
  And Clicks on Checkout button                                     # steps.CartSteps.clicks_on_checkout_button()
  And enters first name as Jon, last name as Tom, zip code as 12345 # steps.CartSteps.enters_first_name_as_jon_last_name_as_tom_zip_code_as(java.lang.Integer)
  And Click on Continue button                                      # steps.CartSteps.click_on_continue_button()
  And Clicks on Finish button                                       # steps.CartSteps.clicks_on_finish_button()
  Then Thank you for your order! must be displayed to the user      # steps.CartSteps.thank_you_for_your_order_must_be_displayed_to_the_user()
  And User must be on checkout-complete page                        # steps.CartSteps.user_must_be_on_checkout_complete_page()
]]></system-out>
    <system-err><![CDATA[SLF4J(W): No SLF4J providers were found.
SLF4J(W): Defaulting to no-operation (NOP) logger implementation
SLF4J(W): See https://www.slf4j.org/codes.html#noProviders for further details.
]]></system-err>
  </testcase>
  <testcase name="Order placed successfully with correct amount and tax calculations" classname="Cart Items Total" time="0.1">
    <system-out><![CDATA[
Scenario: Order placed successfully with correct amount and tax calculations                  # src/test/resources/features/cart_amount.feature:18
  Given User logs in successfully to sauce demo web application                               # steps.CartSteps.user_logs_in_successfully_to_sauce_demo_web_application()
  When User adds Bolt T-Shirt and Red T-Shirt to the cart                                     # steps.CartSteps.user_adds_bolt_t_shirt_and_red_t_shirt_to_the_cart()
  And Read and store the prices of added products                                             # steps.CartSteps.read_and_store_the_prices_of_added_products()
  And Click on Cart Icon                                                                      # steps.CartSteps.click_on_cart_icon()
  And Clicks on Checkout button                                                               # steps.CartSteps.clicks_on_checkout_button()
  And enters first name as Jon, last name as Tom, zip code as 12345                           # steps.CartSteps.enters_first_name_as_jon_last_name_as_tom_zip_code_as(java.lang.Integer)
  And Click on Continue button                                                                # steps.CartSteps.click_on_continue_button()
  Then total of added products must be displayed correctly under Price Total Item Total label # steps.CartSteps.total_of_added_products_must_be_displayed_correctly_under_price_total_item_total_label()
  And 8 percent tax must be added to item total                                               # steps.CartSteps.percent_tax_must_be_added_to_item_total(java.lang.Integer)
  And validate Total label                                                                    # steps.CartSteps.validate_total_label()
  When Clicks on Finish button                                                                # steps.CartSteps.clicks_on_finish_button()
  Then Thank you for your order! must be displayed to the user                                # steps.CartSteps.thank_you_for_your_order_must_be_displayed_to_the_user()
  And User must be on checkout-complete page                                                  # steps.CartSteps.user_must_be_on_checkout_complete_page()
]]></system-out>
  </testcase>
  <testcase name="Successful login with valid credentials" classname="Login Functionality" time="0.056">
    <system-out><![CDATA[
Scenario: Successful login with valid credentials                         # src/test/resources/features/login.feature:6
  Given User opens Chrome browser                                         # steps.LoginSteps.user_opens_chrome_browser()
  And User is on login page                                               # steps.LoginSteps.user_is_on_login_page()
  When User enters valid username standard_user and password secret_sauce # steps.LoginSteps.user_enters_valid_username_standard_user_and_password_secret_sauce()
  Then User should successfully login                                     # steps.LoginSteps.user_should_successfully_login()
  And User should be on inventory page                                    # steps.LoginSteps.user_should_be_on_inventory_page()
  And Browser is closed                                                   # steps.LoginSteps.browserIsClosed()
]]></system-out>
  </testcase>
  <testcase name="Unsuccessful login with invalid credentials" classname="Login Functionality" time="0.035">
    <system-out><![CDATA[
Scenario: Unsuccessful login with invalid credentials                       # src/test/resources/features/login.feature:14
  Given User opens Chrome browser                                           # steps.LoginSteps.user_opens_chrome_browser()
  And User is on login page                                                 # steps.LoginSteps.user_is_on_login_page()
  When User enters valid username standard_user and invalid password secret # steps.LoginSteps.user_enters_valid_username_standard_user_and_invalid_password_secret()
  Then Login should fail                                                    # steps.LoginSteps.login_should_fail()
  And User should be on login page                                          # steps.LoginSteps.user_should_be_on_login_page()
  And Browser is closed                                                     # steps.LoginSteps.browserIsClosed()
]]></system-out>
  </testcase>
</testsuite>