<?xml version="1.0" encoding="UTF-8"?>
<testsuite xmlns:xsi="http://www.w3.org/2001/XMLSchema-instance" xsi:noNamespaceSchemaLocation="https://maven.apache.org/surefire/maven-surefire-plugin/xsd/surefire-test-report.xsd" version="3.0.2" name="TestRunner" time="55.178" tests="3" errors="1" skipped="0" failures="2">
  <properties>
[...]
</properties>
  <testcase name="Order placed successfully for DT with correct amount and tax calculations #1" classname="Cart Items Total" time="16.625">
    <error message="Tried to run command without establishing a connection&#10;Build info: version: &apos;4.27.0&apos;, revision: &apos;d6e718d134&apos;&#10;System info: os.name: &apos;Windows 11&apos;, os.arch: &apos;amd64&apos;, os.version: &apos;10.0&apos;, java.version: &apos;23.0.1&apos;&#10;Driver info: org.openqa.selenium.remote.RemoteWebDriver&#10;Command: [7b2b7b62-0ed3-4c1b-9b0a-6165218e9e7b, quit {}]&#10;Capabilities {acceptInsecureCerts: true, browserName: firefox, browserVersion: 135.0, moz:accessibilityChecks: false, moz:buildID: 20250130195129, moz:debuggerAddress: 127.0.0.1:37024, moz:firefoxOptions: {binary: C:\Program Files\Mozilla Fi..., prefs: {remote.active-protocols: 3}}, moz:geckodriverVersion: 0.35.0, moz:headless: false, moz:platformVersion: 10.0, moz:processID: 3440, moz:profile: C:\Users\91721\AppData\Loca..., moz:shutdownTimeout: 60000, moz:webdriverClick: true, moz:windowless: false, pageLoadStrategy: normal, platformName: Windows 11, proxy: Proxy(), se:bidiEnabled: false, se:cdp: ws://192.168.1.3:4444/sessi..., se:cdpVersion: 85.0, setWindowRect: true, strictFileInteractability: false, timeouts: {implicit: 0, pageLoad: 300000, script: 30000}, unhandledPromptBehavior: dismiss and notify, userAgent: Mozilla/5.0 (Windows NT 10....}&#10;Session ID: 7b2b7b62-0ed3-4c1b-9b0a-6165218e9e7b" type="org.openqa.selenium.NoSuchSessionException"><![CDATA[org.openqa.selenium.NoSuchSessionException: 
Tried to run command without establishing a connection
Build info: version: '4.27.0', revision: 'd6e718d134'
System info: os.name: 'Windows 11', os.arch: 'amd64', os.version: '10.0', java.version: '23.0.1'
Driver info: org.openqa.selenium.remote.RemoteWebDriver
Command: [7b2b7b62-0ed3-4c1b-9b0a-6165218e9e7b, quit {}]
Capabilities {acceptInsecureCerts: true, browserName: firefox, browserVersion: 135.0, moz:accessibilityChecks: false, moz:buildID: 20250130195129, moz:debuggerAddress: 127.0.0.1:37024, moz:firefoxOptions: {binary: C:\Program Files\Mozilla Fi..., prefs: {remote.active-protocols: 3}}, moz:geckodriverVersion: 0.35.0, moz:headless: false, moz:platformVersion: 10.0, moz:processID: 3440, moz:profile: C:\Users\91721\AppData\Loca..., moz:shutdownTimeout: 60000, moz:webdriverClick: true, moz:windowless: false, pageLoadStrategy: normal, platformName: Windows 11, proxy: Proxy(), se:bidiEnabled: false, se:cdp: ws://192.168.1.3:4444/sessi..., se:cdpVersion: 85.0, setWindowRect: true, strictFileInteractability: false, timeouts: {implicit: 0, pageLoad: 300000, script: 30000}, unhandledPromptBehavior: dismiss and notify, userAgent: Mozilla/5.0 (Windows NT 10....}
Session ID: 7b2b7b62-0ed3-4c1b-9b0a-6165218e9e7b
	at java.base/java.lang.reflect.Constructor.newInstanceWithCaller(Constructor.java:501)
	at java.base/java.lang.reflect.Constructor.newInstance(Constructor.java:485)
	at org.openqa.selenium.remote.ErrorCodec.decode(ErrorCodec.java:167)
	at org.openqa.selenium.remote.codec.w3c.W3CHttpResponseCodec.decode(W3CHttpResponseCodec.java:138)
	at org.openqa.selenium.remote.codec.w3c.W3CHttpResponseCodec.decode(W3CHttpResponseCodec.java:50)
	at org.openqa.selenium.remote.HttpCommandExecutor.execute(HttpCommandExecutor.java:190)
	at org.openqa.selenium.remote.TracedCommandExecutor.execute(TracedCommandExecutor.java:53)
	at org.openqa.selenium.remote.RemoteWebDriver.execute(RemoteWebDriver.java:545)
	at org.openqa.selenium.remote.RemoteWebDriver.execute(RemoteWebDriver.java:618)
	at org.openqa.selenium.remote.RemoteWebDriver.execute(RemoteWebDriver.java:622)
	at org.openqa.selenium.remote.RemoteWebDriver.quit(RemoteWebDriver.java:446)
	at steps.BaseSteps.tearDown(BaseSteps.java:42)
]]></error>
    <system-out><![CDATA[
Scenario Outline: Order placed successfully for DT with correct amount and tax calculations   &amp#27;[90m# src/test/resources/features/cart_amount.feature:43&amp#27;[0m
  &amp#27;[32mGiven &amp#27;[0m&amp#27;[32mUser is on login page&amp#27;[0m                                                                 &amp#27;[90m# steps.LoginSteps.user_is_on_login_page()&amp#27;[0m
  &amp#27;[32mWhen &amp#27;[0m&amp#27;[32mUser enters valid username standard_user and password secret_sauce&amp#27;[0m                     &amp#27;[90m# steps.LoginSteps.user_enters_valid_username_standard_user_and_password_secret_sauce()&amp#27;[0m
  &amp#27;[32mThen &amp#27;[0m&amp#27;[32mUser should successfully login&amp#27;[0m                                                         &amp#27;[90m# steps.LoginSteps.user_should_successfully_login()&amp#27;[0m
  &amp#27;[32mAnd &amp#27;[0m&amp#27;[32mUser should be on inventory page&amp#27;[0m                                                        &amp#27;[90m# steps.LoginSteps.user_should_be_on_inventory_page()&amp#27;[0m
  &amp#27;[32mWhen &amp#27;[0m&amp#27;[32mUser adds Bolt T-Shirt and Red T-Shirt to the cart&amp#27;[0m                                     &amp#27;[90m# steps.CartSteps.user_adds_bolt_t_shirt_and_red_t_shirt_to_the_cart()&amp#27;[0m
  &amp#27;[32mAnd &amp#27;[0m&amp#27;[32mClick on Cart Icon&amp#27;[0m                                                                      &amp#27;[90m# steps.CartSteps.click_on_cart_icon()&amp#27;[0m
Price = 15.99
Price = 15.99
  &amp#27;[32mAnd &amp#27;[0m&amp#27;[32mRead and store the prices of added products&amp#27;[0m                                             &amp#27;[90m# steps.CartSteps.read_and_store_the_prices_of_added_products()&amp#27;[0m
  &amp#27;[32mAnd &amp#27;[0m&amp#27;[32mClicks on Checkout button&amp#27;[0m                                                               &amp#27;[90m# steps.CartSteps.clicks_on_checkout_button()&amp#27;[0m
  &amp#27;[32mAnd &amp#27;[0m&amp#27;[32menters first name as &amp#27;[0m&amp#27;[32m&amp#27;[1m"Donald"&amp#27;[0m&amp#27;[32m, last name as &amp#27;[0m&amp#27;[32m&amp#27;[1m"Trump"&amp#27;[0m&amp#27;[32m, zip code as &amp#27;[0m&amp#27;[32m&amp#27;[1m45678&amp#27;[0m                  &amp#27;[90m# steps.CartSteps.enters_first_name_as_jon_last_name_as_tom_zip_code_as(java.lang.String,java.lang.String,int)&amp#27;[0m
  &amp#27;[32mAnd &amp#27;[0m&amp#27;[32mClick on Continue button&amp#27;[0m                                                                &amp#27;[90m# steps.CartSteps.click_on_continue_button()&amp#27;[0m
  &amp#27;[32mThen &amp#27;[0m&amp#27;[32mtotal of added products must be displayed correctly under Price Total Item Total label&amp#27;[0m &amp#27;[90m# steps.CartSteps.total_of_added_products_must_be_displayed_correctly_under_price_total_item_total_label()&amp#27;[0m
  &amp#27;[32mAnd &amp#27;[0m&amp#27;[32m&amp#27;[0m&amp#27;[32m&amp#27;[1m8&amp#27;[0m&amp#27;[32m percent tax must be added to item total&amp#27;[0m                                               &amp#27;[90m# steps.CartSteps.percent_tax_must_be_added_to_item_total(double)&amp#27;[0m
  &amp#27;[32mAnd &amp#27;[0m&amp#27;[32mvalidate Total label&amp#27;[0m                                                                    &amp#27;[90m# steps.CartSteps.validate_total_label()&amp#27;[0m
  &amp#27;[32mWhen &amp#27;[0m&amp#27;[32mClicks on Finish button&amp#27;[0m                                                                &amp#27;[90m# steps.CartSteps.clicks_on_finish_button()&amp#27;[0m
  &amp#27;[32mThen &amp#27;[0m&amp#27;[32mThank you for your order! must be displayed to the user&amp#27;[0m                                &amp#27;[90m# steps.CartSteps.thank_you_for_your_order_must_be_displayed_to_the_user()&amp#27;[0m
  &amp#27;[32mAnd &amp#27;[0m&amp#27;[32mUser must be on checkout-complete page&amp#27;[0m                                                  &amp#27;[90m# steps.CartSteps.user_must_be_on_checkout_complete_page()&amp#27;[0m
      &amp#27;[31morg.openqa.selenium.NoSuchSessionException: Tried to run command without establishing a connection
      Build info: version: '4.27.0', revision: 'd6e718d134'
      System info: os.name: 'Windows 11', os.arch: 'amd64', os.version: '10.0', java.version: '23.0.1'
      Driver info: org.openqa.selenium.remote.RemoteWebDriver
      Command: [7b2b7b62-0ed3-4c1b-9b0a-6165218e9e7b, quit {}]
      Capabilities {acceptInsecureCerts: true, browserName: firefox, browserVersion: 135.0, moz:accessibilityChecks: false, moz:buildID: 20250130195129, moz:debuggerAddress: 127.0.0.1:37024, moz:firefoxOptions: {binary: C:\Program Files\Mozilla Fi..., prefs: {remote.active-protocols: 3}}, moz:geckodriverVersion: 0.35.0, moz:headless: false, moz:platformVersion: 10.0, moz:processID: 3440, moz:profile: C:\Users\91721\AppData\Loca..., moz:shutdownTimeout: 60000, moz:webdriverClick: true, moz:windowless: false, pageLoadStrategy: normal, platformName: Windows 11, proxy: Proxy(), se:bidiEnabled: false, se:cdp: ws://192.168.1.3:4444/sessi..., se:cdpVersion: 85.0, setWindowRect: true, strictFileInteractability: false, timeouts: {implicit: 0, pageLoad: 300000, script: 30000}, unhandledPromptBehavior: dismiss and notify, userAgent: Mozilla/5.0 (Windows NT 10....}
      Session ID: 7b2b7b62-0ed3-4c1b-9b0a-6165218e9e7b
      	at java.base/jdk.internal.reflect.DirectConstructorHandleAccessor.newInstance(DirectConstructorHandleAccessor.java:62)
      	at java.base/java.lang.reflect.Constructor.newInstanceWithCaller(Constructor.java:501)
      	at java.base/java.lang.reflect.Constructor.newInstance(Constructor.java:485)
      	at org.openqa.selenium.remote.ErrorCodec.decode(ErrorCodec.java:167)
      	at org.openqa.selenium.remote.codec.w3c.W3CHttpResponseCodec.decode(W3CHttpResponseCodec.java:138)
      	at org.openqa.selenium.remote.codec.w3c.W3CHttpResponseCodec.decode(W3CHttpResponseCodec.java:50)
      	at org.openqa.selenium.remote.HttpCommandExecutor.execute(HttpCommandExecutor.java:190)
      	at org.openqa.selenium.remote.TracedCommandExecutor.execute(TracedCommandExecutor.java:53)
      	at org.openqa.selenium.remote.RemoteWebDriver.execute(RemoteWebDriver.java:545)
      	at org.openqa.selenium.remote.RemoteWebDriver.execute(RemoteWebDriver.java:618)
      	at org.openqa.selenium.remote.RemoteWebDriver.execute(RemoteWebDriver.java:622)
      	at org.openqa.selenium.remote.RemoteWebDriver.quit(RemoteWebDriver.java:446)
      	at steps.BaseSteps.tearDown(BaseSteps.java:42)&amp#27;[0m
]]></system-out>
    <system-err><![CDATA[SLF4J(W): No SLF4J providers were found.
SLF4J(W): Defaulting to no-operation (NOP) logger implementation
SLF4J(W): See https://www.slf4j.org/codes.html#noProviders for further details.
Feb 16, 2025 6:12:18 PM org.openqa.selenium.remote.tracing.opentelemetry.OpenTelemetryTracer createTracer
INFO: Using OpenTelemetry for tracing
]]></system-err>
  </testcase>
  <testcase name="Order placed successfully for DT with correct amount and tax calculations #2" classname="Cart Items Total" time="20.086">
    <failure message="Multiple Failures (2 failures)&#10;	java.lang.AssertionError: expected:&lt;2.59038&gt; but was:&lt;2.56&gt;&#10;	org.openqa.selenium.NoSuchSessionException: Tried to run command without establishing a connection&#10;Build info: version: &apos;4.27.0&apos;, revision: &apos;d6e718d134&apos;&#10;System info: os.name: &apos;Windows 11&apos;, os.arch: &apos;amd64&apos;, os.version: &apos;10.0&apos;, java.version: &apos;23.0.1&apos;&#10;Driver info: org.openqa.selenium.remote.RemoteWebDriver&#10;Command: [7e109c24-ed1e-4b80-8919-729105c270a3, quit {}]&#10;Capabilities {acceptInsecureCerts: true, browserName: firefox, browserVersion: 135.0, moz:accessibilityChecks: false, moz:buildID: 20250130195129, moz:debuggerAddress: 127.0.0.1:16039, moz:firefoxOptions: {binary: C:\Program Files\Mozilla Fi..., prefs: {remote.active-protocols: 3}}, moz:geckodriverVersion: 0.35.0, moz:headless: false, moz:platformVersion: 10.0, moz:processID: 19944, moz:profile: C:\Users\91721\AppData\Loca..., moz:shutdownTimeout: 60000, moz:webdriverClick: true, moz:windowless: false, pageLoadStrategy: normal, platformName: Windows 11, proxy: Proxy(), se:bidiEnabled: false, se:cdp: ws://192.168.1.3:4444/sessi..., se:cdpVersion: 85.0, setWindowRect: true, strictFileInteractability: false, timeouts: {implicit: 0, pageLoad: 300000, script: 30000}, unhandledPromptBehavior: dismiss and notify, userAgent: Mozilla/5.0 (Windows NT 10....}&#10;Session ID: 7e109c24-ed1e-4b80-8919-729105c270a3" type="org.opentest4j.MultipleFailuresError"><![CDATA[org.opentest4j.MultipleFailuresError: 
Multiple Failures (2 failures)
	java.lang.AssertionError: expected:<2.59038> but was:<2.56>
	org.openqa.selenium.NoSuchSessionException: Tried to run command without establishing a connection
Build info: version: '4.27.0', revision: 'd6e718d134'
System info: os.name: 'Windows 11', os.arch: 'amd64', os.version: '10.0', java.version: '23.0.1'
Driver info: org.openqa.selenium.remote.RemoteWebDriver
Command: [7e109c24-ed1e-4b80-8919-729105c270a3, quit {}]
Capabilities {acceptInsecureCerts: true, browserName: firefox, browserVersion: 135.0, moz:accessibilityChecks: false, moz:buildID: 20250130195129, moz:debuggerAddress: 127.0.0.1:16039, moz:firefoxOptions: {binary: C:\Program Files\Mozilla Fi..., prefs: {remote.active-protocols: 3}}, moz:geckodriverVersion: 0.35.0, moz:headless: false, moz:platformVersion: 10.0, moz:processID: 19944, moz:profile: C:\Users\91721\AppData\Loca..., moz:shutdownTimeout: 60000, moz:webdriverClick: true, moz:windowless: false, pageLoadStrategy: normal, platformName: Windows 11, proxy: Proxy(), se:bidiEnabled: false, se:cdp: ws://192.168.1.3:4444/sessi..., se:cdpVersion: 85.0, setWindowRect: true, strictFileInteractability: false, timeouts: {implicit: 0, pageLoad: 300000, script: 30000}, unhandledPromptBehavior: dismiss and notify, userAgent: Mozilla/5.0 (Windows NT 10....}
Session ID: 7e109c24-ed1e-4b80-8919-729105c270a3
	at io.cucumber.junit.FeatureRunner.runChild(FeatureRunner.java:150)
	at io.cucumber.junit.FeatureRunner.runChild(FeatureRunner.java:28)
	at io.cucumber.junit.FeatureRunner.run(FeatureRunner.java:137)
	at io.cucumber.junit.Cucumber.runChild(Cucumber.java:199)
	at io.cucumber.junit.Cucumber.runChild(Cucumber.java:89)
	at io.cucumber.core.runtime.CucumberExecutionContext.lambda$runFeatures$6(CucumberExecutionContext.java:147)
	at io.cucumber.core.runtime.CucumberExecutionContext.execute(CucumberExecutionContext.java:162)
	at io.cucumber.core.runtime.CucumberExecutionContext.runFeatures(CucumberExecutionContext.java:145)
	at io.cucumber.junit.Cucumber$StartAndFinishTestRun.evaluate(Cucumber.java:229)
	Suppressed: java.lang.AssertionError: expected:<2.59038> but was:<2.56>
		at steps.CartSteps.percent_tax_must_be_added_to_item_total(CartSteps.java:155)
		at ✽.8.1 percent tax must be added to item total(file:///C:/Training2025/Workspace/Git/cucumber/src/test/resources/features/cart_amount.feature:35)
	Suppressed: org.openqa.selenium.NoSuchSessionException: Tried to run command without establishing a connection
Build info: version: '4.27.0', revision: 'd6e718d134'
System info: os.name: 'Windows 11', os.arch: 'amd64', os.version: '10.0', java.version: '23.0.1'
Driver info: org.openqa.selenium.remote.RemoteWebDriver
Command: [7e109c24-ed1e-4b80-8919-729105c270a3, quit {}]
Capabilities {acceptInsecureCerts: true, browserName: firefox, browserVersion: 135.0, moz:accessibilityChecks: false, moz:buildID: 20250130195129, moz:debuggerAddress: 127.0.0.1:16039, moz:firefoxOptions: {binary: C:\Program Files\Mozilla Fi..., prefs: {remote.active-protocols: 3}}, moz:geckodriverVersion: 0.35.0, moz:headless: false, moz:platformVersion: 10.0, moz:processID: 19944, moz:profile: C:\Users\91721\AppData\Loca..., moz:shutdownTimeout: 60000, moz:webdriverClick: true, moz:windowless: false, pageLoadStrategy: normal, platformName: Windows 11, proxy: Proxy(), se:bidiEnabled: false, se:cdp: ws://192.168.1.3:4444/sessi..., se:cdpVersion: 85.0, setWindowRect: true, strictFileInteractability: false, timeouts: {implicit: 0, pageLoad: 300000, script: 30000}, unhandledPromptBehavior: dismiss and notify, userAgent: Mozilla/5.0 (Windows NT 10....}
Session ID: 7e109c24-ed1e-4b80-8919-729105c270a3
		at java.base/java.lang.reflect.Constructor.newInstanceWithCaller(Constructor.java:501)
		at java.base/java.lang.reflect.Constructor.newInstance(Constructor.java:485)
		at org.openqa.selenium.remote.ErrorCodec.decode(ErrorCodec.java:167)
		at org.openqa.selenium.remote.codec.w3c.W3CHttpResponseCodec.decode(W3CHttpResponseCodec.java:138)
		at org.openqa.selenium.remote.codec.w3c.W3CHttpResponseCodec.decode(W3CHttpResponseCodec.java:50)
		at org.openqa.selenium.remote.HttpCommandExecutor.execute(HttpCommandExecutor.java:190)
		at org.openqa.selenium.remote.TracedCommandExecutor.execute(TracedCommandExecutor.java:53)
		at org.openqa.selenium.remote.RemoteWebDriver.execute(RemoteWebDriver.java:545)
		at org.openqa.selenium.remote.RemoteWebDriver.execute(RemoteWebDriver.java:618)
		at org.openqa.selenium.remote.RemoteWebDriver.execute(RemoteWebDriver.java:622)
		at org.openqa.selenium.remote.RemoteWebDriver.quit(RemoteWebDriver.java:446)
		at steps.BaseSteps.tearDown(BaseSteps.java:42)
]]></failure>
    <system-out><![CDATA[
Scenario Outline: Order placed successfully for DT with correct amount and tax calculations   &amp#27;[90m# src/test/resources/features/cart_amount.feature:44&amp#27;[0m
  &amp#27;[32mGiven &amp#27;[0m&amp#27;[32mUser is on login page&amp#27;[0m                                                                 &amp#27;[90m# steps.LoginSteps.user_is_on_login_page()&amp#27;[0m
  &amp#27;[32mWhen &amp#27;[0m&amp#27;[32mUser enters valid username standard_user and password secret_sauce&amp#27;[0m                     &amp#27;[90m# steps.LoginSteps.user_enters_valid_username_standard_user_and_password_secret_sauce()&amp#27;[0m
  &amp#27;[32mThen &amp#27;[0m&amp#27;[32mUser should successfully login&amp#27;[0m                                                         &amp#27;[90m# steps.LoginSteps.user_should_successfully_login()&amp#27;[0m
  &amp#27;[32mAnd &amp#27;[0m&amp#27;[32mUser should be on inventory page&amp#27;[0m                                                        &amp#27;[90m# steps.LoginSteps.user_should_be_on_inventory_page()&amp#27;[0m
  &amp#27;[32mWhen &amp#27;[0m&amp#27;[32mUser adds Bolt T-Shirt and Red T-Shirt to the cart&amp#27;[0m                                     &amp#27;[90m# steps.CartSteps.user_adds_bolt_t_shirt_and_red_t_shirt_to_the_cart()&amp#27;[0m
  &amp#27;[32mAnd &amp#27;[0m&amp#27;[32mClick on Cart Icon&amp#27;[0m                                                                      &amp#27;[90m# steps.CartSteps.click_on_cart_icon()&amp#27;[0m
Price = 15.99
Price = 15.99
  &amp#27;[32mAnd &amp#27;[0m&amp#27;[32mRead and store the prices of added products&amp#27;[0m                                             &amp#27;[90m# steps.CartSteps.read_and_store_the_prices_of_added_products()&amp#27;[0m
  &amp#27;[32mAnd &amp#27;[0m&amp#27;[32mClicks on Checkout button&amp#27;[0m                                                               &amp#27;[90m# steps.CartSteps.clicks_on_checkout_button()&amp#27;[0m
  &amp#27;[32mAnd &amp#27;[0m&amp#27;[32menters first name as &amp#27;[0m&amp#27;[32m&amp#27;[1m"Elon"&amp#27;[0m&amp#27;[32m, last name as &amp#27;[0m&amp#27;[32m&amp#27;[1m"Musk"&amp#27;[0m&amp#27;[32m, zip code as &amp#27;[0m&amp#27;[32m&amp#27;[1m78945&amp#27;[0m                     &amp#27;[90m# steps.CartSteps.enters_first_name_as_jon_last_name_as_tom_zip_code_as(java.lang.String,java.lang.String,int)&amp#27;[0m
  &amp#27;[32mAnd &amp#27;[0m&amp#27;[32mClick on Continue button&amp#27;[0m                                                                &amp#27;[90m# steps.CartSteps.click_on_continue_button()&amp#27;[0m
  &amp#27;[32mThen &amp#27;[0m&amp#27;[32mtotal of added products must be displayed correctly under Price Total Item Total label&amp#27;[0m &amp#27;[90m# steps.CartSteps.total_of_added_products_must_be_displayed_correctly_under_price_total_item_total_label()&amp#27;[0m
  &amp#27;[31mAnd &amp#27;[0m&amp#27;[31m&amp#27;[0m&amp#27;[31m&amp#27;[1m8.1&amp#27;[0m&amp#27;[31m percent tax must be added to item total&amp#27;[0m                                             &amp#27;[90m# steps.CartSteps.percent_tax_must_be_added_to_item_total(double)&amp#27;[0m
      &amp#27;[31mjava.lang.AssertionError: expected:<2.59038> but was:<2.56>
      	at org.junit.Assert.fail(Assert.java:89)
      	at org.junit.Assert.failNotEquals(Assert.java:835)
      	at org.junit.Assert.assertEquals(Assert.java:555)
      	at org.junit.Assert.assertEquals(Assert.java:685)
      	at steps.CartSteps.percent_tax_must_be_added_to_item_total(CartSteps.java:155)
      	at ✽.8.1 percent tax must be added to item total(file:///C:/Training2025/Workspace/Git/cucumber/src/test/resources/features/cart_amount.feature:35)&amp#27;[0m
  &amp#27;[36mAnd &amp#27;[0m&amp#27;[36mvalidate Total label&amp#27;[0m                                                                    &amp#27;[90m# steps.CartSteps.validate_total_label()&amp#27;[0m
  &amp#27;[36mWhen &amp#27;[0m&amp#27;[36mClicks on Finish button&amp#27;[0m                                                                &amp#27;[90m# steps.CartSteps.clicks_on_finish_button()&amp#27;[0m
  &amp#27;[36mThen &amp#27;[0m&amp#27;[36mThank you for your order! must be displayed to the user&amp#27;[0m                                &amp#27;[90m# steps.CartSteps.thank_you_for_your_order_must_be_displayed_to_the_user()&amp#27;[0m
  &amp#27;[36mAnd &amp#27;[0m&amp#27;[36mUser must be on checkout-complete page&amp#27;[0m                                                  &amp#27;[90m# steps.CartSteps.user_must_be_on_checkout_complete_page()&amp#27;[0m
      &amp#27;[31morg.openqa.selenium.NoSuchSessionException: Tried to run command without establishing a connection
      Build info: version: '4.27.0', revision: 'd6e718d134'
      System info: os.name: 'Windows 11', os.arch: 'amd64', os.version: '10.0', java.version: '23.0.1'
      Driver info: org.openqa.selenium.remote.RemoteWebDriver
      Command: [7e109c24-ed1e-4b80-8919-729105c270a3, quit {}]
      Capabilities {acceptInsecureCerts: true, browserName: firefox, browserVersion: 135.0, moz:accessibilityChecks: false, moz:buildID: 20250130195129, moz:debuggerAddress: 127.0.0.1:16039, moz:firefoxOptions: {binary: C:\Program Files\Mozilla Fi..., prefs: {remote.active-protocols: 3}}, moz:geckodriverVersion: 0.35.0, moz:headless: false, moz:platformVersion: 10.0, moz:processID: 19944, moz:profile: C:\Users\91721\AppData\Loca..., moz:shutdownTimeout: 60000, moz:webdriverClick: true, moz:windowless: false, pageLoadStrategy: normal, platformName: Windows 11, proxy: Proxy(), se:bidiEnabled: false, se:cdp: ws://192.168.1.3:4444/sessi..., se:cdpVersion: 85.0, setWindowRect: true, strictFileInteractability: false, timeouts: {implicit: 0, pageLoad: 300000, script: 30000}, unhandledPromptBehavior: dismiss and notify, userAgent: Mozilla/5.0 (Windows NT 10....}
      Session ID: 7e109c24-ed1e-4b80-8919-729105c270a3
      	at java.base/jdk.internal.reflect.DirectConstructorHandleAccessor.newInstance(DirectConstructorHandleAccessor.java:62)
      	at java.base/java.lang.reflect.Constructor.newInstanceWithCaller(Constructor.java:501)
      	at java.base/java.lang.reflect.Constructor.newInstance(Constructor.java:485)
      	at org.openqa.selenium.remote.ErrorCodec.decode(ErrorCodec.java:167)
      	at org.openqa.selenium.remote.codec.w3c.W3CHttpResponseCodec.decode(W3CHttpResponseCodec.java:138)
      	at org.openqa.selenium.remote.codec.w3c.W3CHttpResponseCodec.decode(W3CHttpResponseCodec.java:50)
      	at org.openqa.selenium.remote.HttpCommandExecutor.execute(HttpCommandExecutor.java:190)
      	at org.openqa.selenium.remote.TracedCommandExecutor.execute(TracedCommandExecutor.java:53)
      	at org.openqa.selenium.remote.RemoteWebDriver.execute(RemoteWebDriver.java:545)
      	at org.openqa.selenium.remote.RemoteWebDriver.execute(RemoteWebDriver.java:618)
      	at org.openqa.selenium.remote.RemoteWebDriver.execute(RemoteWebDriver.java:622)
      	at org.openqa.selenium.remote.RemoteWebDriver.quit(RemoteWebDriver.java:446)
      	at steps.BaseSteps.tearDown(BaseSteps.java:42)&amp#27;[0m
]]></system-out>
  </testcase>
  <testcase name="Order placed successfully for DT with correct amount and tax calculations #3" classname="Cart Items Total" time="17.713">
    <failure message="Multiple Failures (2 failures)&#10;	java.lang.AssertionError: expected:&lt;2.2386&gt; but was:&lt;2.56&gt;&#10;	org.openqa.selenium.NoSuchSessionException: Tried to run command without establishing a connection&#10;Build info: version: &apos;4.27.0&apos;, revision: &apos;d6e718d134&apos;&#10;System info: os.name: &apos;Windows 11&apos;, os.arch: &apos;amd64&apos;, os.version: &apos;10.0&apos;, java.version: &apos;23.0.1&apos;&#10;Driver info: org.openqa.selenium.remote.RemoteWebDriver&#10;Command: [ac02c8c8-faa1-4507-93ee-0af72b96c3a5, quit {}]&#10;Capabilities {acceptInsecureCerts: true, browserName: firefox, browserVersion: 135.0, moz:accessibilityChecks: false, moz:buildID: 20250130195129, moz:debuggerAddress: 127.0.0.1:14330, moz:firefoxOptions: {binary: C:\Program Files\Mozilla Fi..., prefs: {remote.active-protocols: 3}}, moz:geckodriverVersion: 0.35.0, moz:headless: false, moz:platformVersion: 10.0, moz:processID: 30712, moz:profile: C:\Users\91721\AppData\Loca..., moz:shutdownTimeout: 60000, moz:webdriverClick: true, moz:windowless: false, pageLoadStrategy: normal, platformName: Windows 11, proxy: Proxy(), se:bidiEnabled: false, se:cdp: ws://192.168.1.3:4444/sessi..., se:cdpVersion: 85.0, setWindowRect: true, strictFileInteractability: false, timeouts: {implicit: 0, pageLoad: 300000, script: 30000}, unhandledPromptBehavior: dismiss and notify, userAgent: Mozilla/5.0 (Windows NT 10....}&#10;Session ID: ac02c8c8-faa1-4507-93ee-0af72b96c3a5" type="org.opentest4j.MultipleFailuresError"><![CDATA[org.opentest4j.MultipleFailuresError: 
Multiple Failures (2 failures)
	java.lang.AssertionError: expected:<2.2386> but was:<2.56>
	org.openqa.selenium.NoSuchSessionException: Tried to run command without establishing a connection
Build info: version: '4.27.0', revision: 'd6e718d134'
System info: os.name: 'Windows 11', os.arch: 'amd64', os.version: '10.0', java.version: '23.0.1'
Driver info: org.openqa.selenium.remote.RemoteWebDriver
Command: [ac02c8c8-faa1-4507-93ee-0af72b96c3a5, quit {}]
Capabilities {acceptInsecureCerts: true, browserName: firefox, browserVersion: 135.0, moz:accessibilityChecks: false, moz:buildID: 20250130195129, moz:debuggerAddress: 127.0.0.1:14330, moz:firefoxOptions: {binary: C:\Program Files\Mozilla Fi..., prefs: {remote.active-protocols: 3}}, moz:geckodriverVersion: 0.35.0, moz:headless: false, moz:platformVersion: 10.0, moz:processID: 30712, moz:profile: C:\Users\91721\AppData\Loca..., moz:shutdownTimeout: 60000, moz:webdriverClick: true, moz:windowless: false, pageLoadStrategy: normal, platformName: Windows 11, proxy: Proxy(), se:bidiEnabled: false, se:cdp: ws://192.168.1.3:4444/sessi..., se:cdpVersion: 85.0, setWindowRect: true, strictFileInteractability: false, timeouts: {implicit: 0, pageLoad: 300000, script: 30000}, unhandledPromptBehavior: dismiss and notify, userAgent: Mozilla/5.0 (Windows NT 10....}
Session ID: ac02c8c8-faa1-4507-93ee-0af72b96c3a5
	at io.cucumber.junit.FeatureRunner.runChild(FeatureRunner.java:150)
	at io.cucumber.junit.FeatureRunner.runChild(FeatureRunner.java:28)
	at io.cucumber.junit.FeatureRunner.run(FeatureRunner.java:137)
	at io.cucumber.junit.Cucumber.runChild(Cucumber.java:199)
	at io.cucumber.junit.Cucumber.runChild(Cucumber.java:89)
	at io.cucumber.core.runtime.CucumberExecutionContext.lambda$runFeatures$6(CucumberExecutionContext.java:147)
	at io.cucumber.core.runtime.CucumberExecutionContext.execute(CucumberExecutionContext.java:162)
	at io.cucumber.core.runtime.CucumberExecutionContext.runFeatures(CucumberExecutionContext.java:145)
	at io.cucumber.junit.Cucumber$StartAndFinishTestRun.evaluate(Cucumber.java:229)
	Suppressed: java.lang.AssertionError: expected:<2.2386> but was:<2.56>
		at steps.CartSteps.percent_tax_must_be_added_to_item_total(CartSteps.java:155)
		at ✽.7 percent tax must be added to item total(file:///C:/Training2025/Workspace/Git/cucumber/src/test/resources/features/cart_amount.feature:35)
	Suppressed: org.openqa.selenium.NoSuchSessionException: Tried to run command without establishing a connection
Build info: version: '4.27.0', revision: 'd6e718d134'
System info: os.name: 'Windows 11', os.arch: 'amd64', os.version: '10.0', java.version: '23.0.1'
Driver info: org.openqa.selenium.remote.RemoteWebDriver
Command: [ac02c8c8-faa1-4507-93ee-0af72b96c3a5, quit {}]
Capabilities {acceptInsecureCerts: true, browserName: firefox, browserVersion: 135.0, moz:accessibilityChecks: false, moz:buildID: 20250130195129, moz:debuggerAddress: 127.0.0.1:14330, moz:firefoxOptions: {binary: C:\Program Files\Mozilla Fi..., prefs: {remote.active-protocols: 3}}, moz:geckodriverVersion: 0.35.0, moz:headless: false, moz:platformVersion: 10.0, moz:processID: 30712, moz:profile: C:\Users\91721\AppData\Loca..., moz:shutdownTimeout: 60000, moz:webdriverClick: true, moz:windowless: false, pageLoadStrategy: normal, platformName: Windows 11, proxy: Proxy(), se:bidiEnabled: false, se:cdp: ws://192.168.1.3:4444/sessi..., se:cdpVersion: 85.0, setWindowRect: true, strictFileInteractability: false, timeouts: {implicit: 0, pageLoad: 300000, script: 30000}, unhandledPromptBehavior: dismiss and notify, userAgent: Mozilla/5.0 (Windows NT 10....}
Session ID: ac02c8c8-faa1-4507-93ee-0af72b96c3a5
		at java.base/java.lang.reflect.Constructor.newInstanceWithCaller(Constructor.java:501)
		at java.base/java.lang.reflect.Constructor.newInstance(Constructor.java:485)
		at org.openqa.selenium.remote.ErrorCodec.decode(ErrorCodec.java:167)
		at org.openqa.selenium.remote.codec.w3c.W3CHttpResponseCodec.decode(W3CHttpResponseCodec.java:138)
		at org.openqa.selenium.remote.codec.w3c.W3CHttpResponseCodec.decode(W3CHttpResponseCodec.java:50)
		at org.openqa.selenium.remote.HttpCommandExecutor.execute(HttpCommandExecutor.java:190)
		at org.openqa.selenium.remote.TracedCommandExecutor.execute(TracedCommandExecutor.java:53)
		at org.openqa.selenium.remote.RemoteWebDriver.execute(RemoteWebDriver.java:545)
		at org.openqa.selenium.remote.RemoteWebDriver.execute(RemoteWebDriver.java:618)
		at org.openqa.selenium.remote.RemoteWebDriver.execute(RemoteWebDriver.java:622)
		at org.openqa.selenium.remote.RemoteWebDriver.quit(RemoteWebDriver.java:446)
		at steps.BaseSteps.tearDown(BaseSteps.java:42)
]]></failure>
    <system-out><![CDATA[
Scenario Outline: Order placed successfully for DT with correct amount and tax calculations   &amp#27;[90m# src/test/resources/features/cart_amount.feature:45&amp#27;[0m
  &amp#27;[32mGiven &amp#27;[0m&amp#27;[32mUser is on login page&amp#27;[0m                                                                 &amp#27;[90m# steps.LoginSteps.user_is_on_login_page()&amp#27;[0m
  &amp#27;[32mWhen &amp#27;[0m&amp#27;[32mUser enters valid username standard_user and password secret_sauce&amp#27;[0m                     &amp#27;[90m# steps.LoginSteps.user_enters_valid_username_standard_user_and_password_secret_sauce()&amp#27;[0m
  &amp#27;[32mThen &amp#27;[0m&amp#27;[32mUser should successfully login&amp#27;[0m                                                         &amp#27;[90m# steps.LoginSteps.user_should_successfully_login()&amp#27;[0m
  &amp#27;[32mAnd &amp#27;[0m&amp#27;[32mUser should be on inventory page&amp#27;[0m                                                        &amp#27;[90m# steps.LoginSteps.user_should_be_on_inventory_page()&amp#27;[0m
  &amp#27;[32mWhen &amp#27;[0m&amp#27;[32mUser adds Bolt T-Shirt and Red T-Shirt to the cart&amp#27;[0m                                     &amp#27;[90m# steps.CartSteps.user_adds_bolt_t_shirt_and_red_t_shirt_to_the_cart()&amp#27;[0m
  &amp#27;[32mAnd &amp#27;[0m&amp#27;[32mClick on Cart Icon&amp#27;[0m                                                                      &amp#27;[90m# steps.CartSteps.click_on_cart_icon()&amp#27;[0m
Price = 15.99
Price = 15.99
  &amp#27;[32mAnd &amp#27;[0m&amp#27;[32mRead and store the prices of added products&amp#27;[0m                                             &amp#27;[90m# steps.CartSteps.read_and_store_the_prices_of_added_products()&amp#27;[0m
  &amp#27;[32mAnd &amp#27;[0m&amp#27;[32mClicks on Checkout button&amp#27;[0m                                                               &amp#27;[90m# steps.CartSteps.clicks_on_checkout_button()&amp#27;[0m
  &amp#27;[32mAnd &amp#27;[0m&amp#27;[32menters first name as &amp#27;[0m&amp#27;[32m&amp#27;[1m"Temp"&amp#27;[0m&amp#27;[32m, last name as &amp#27;[0m&amp#27;[32m&amp#27;[1m"TempLast"&amp#27;[0m&amp#27;[32m, zip code as &amp#27;[0m&amp#27;[32m&amp#27;[1m9999999&amp#27;[0m               &amp#27;[90m# steps.CartSteps.enters_first_name_as_jon_last_name_as_tom_zip_code_as(java.lang.String,java.lang.String,int)&amp#27;[0m
  &amp#27;[32mAnd &amp#27;[0m&amp#27;[32mClick on Continue button&amp#27;[0m                                                                &amp#27;[90m# steps.CartSteps.click_on_continue_button()&amp#27;[0m
  &amp#27;[32mThen &amp#27;[0m&amp#27;[32mtotal of added products must be displayed correctly under Price Total Item Total label&amp#27;[0m &amp#27;[90m# steps.CartSteps.total_of_added_products_must_be_displayed_correctly_under_price_total_item_total_label()&amp#27;[0m
  &amp#27;[31mAnd &amp#27;[0m&amp#27;[31m&amp#27;[0m&amp#27;[31m&amp#27;[1m7&amp#27;[0m&amp#27;[31m percent tax must be added to item total&amp#27;[0m                                               &amp#27;[90m# steps.CartSteps.percent_tax_must_be_added_to_item_total(double)&amp#27;[0m
      &amp#27;[31mjava.lang.AssertionError: expected:<2.2386> but was:<2.56>
      	at org.junit.Assert.fail(Assert.java:89)
      	at org.junit.Assert.failNotEquals(Assert.java:835)
      	at org.junit.Assert.assertEquals(Assert.java:555)
      	at org.junit.Assert.assertEquals(Assert.java:685)
      	at steps.CartSteps.percent_tax_must_be_added_to_item_total(CartSteps.java:155)
      	at ✽.7 percent tax must be added to item total(file:///C:/Training2025/Workspace/Git/cucumber/src/test/resources/features/cart_amount.feature:35)&amp#27;[0m
  &amp#27;[36mAnd &amp#27;[0m&amp#27;[36mvalidate Total label&amp#27;[0m                                                                    &amp#27;[90m# steps.CartSteps.validate_total_label()&amp#27;[0m
  &amp#27;[36mWhen &amp#27;[0m&amp#27;[36mClicks on Finish button&amp#27;[0m                                                                &amp#27;[90m# steps.CartSteps.clicks_on_finish_button()&amp#27;[0m
  &amp#27;[36mThen &amp#27;[0m&amp#27;[36mThank you for your order! must be displayed to the user&amp#27;[0m                                &amp#27;[90m# steps.CartSteps.thank_you_for_your_order_must_be_displayed_to_the_user()&amp#27;[0m
  &amp#27;[36mAnd &amp#27;[0m&amp#27;[36mUser must be on checkout-complete page&amp#27;[0m                                                  &amp#27;[90m# steps.CartSteps.user_must_be_on_checkout_complete_page()&amp#27;[0m
      &amp#27;[31morg.openqa.selenium.NoSuchSessionException: Tried to run command without establishing a connection
      Build info: version: '4.27.0', revision: 'd6e718d134'
      System info: os.name: 'Windows 11', os.arch: 'amd64', os.version: '10.0', java.version: '23.0.1'
      Driver info: org.openqa.selenium.remote.RemoteWebDriver
      Command: [ac02c8c8-faa1-4507-93ee-0af72b96c3a5, quit {}]
      Capabilities {acceptInsecureCerts: true, browserName: firefox, browserVersion: 135.0, moz:accessibilityChecks: false, moz:buildID: 20250130195129, moz:debuggerAddress: 127.0.0.1:14330, moz:firefoxOptions: {binary: C:\Program Files\Mozilla Fi..., prefs: {remote.active-protocols: 3}}, moz:geckodriverVersion: 0.35.0, moz:headless: false, moz:platformVersion: 10.0, moz:processID: 30712, moz:profile: C:\Users\91721\AppData\Loca..., moz:shutdownTimeout: 60000, moz:webdriverClick: true, moz:windowless: false, pageLoadStrategy: normal, platformName: Windows 11, proxy: Proxy(), se:bidiEnabled: false, se:cdp: ws://192.168.1.3:4444/sessi..., se:cdpVersion: 85.0, setWindowRect: true, strictFileInteractability: false, timeouts: {implicit: 0, pageLoad: 300000, script: 30000}, unhandledPromptBehavior: dismiss and notify, userAgent: Mozilla/5.0 (Windows NT 10....}
      Session ID: ac02c8c8-faa1-4507-93ee-0af72b96c3a5
      	at java.base/jdk.internal.reflect.DirectConstructorHandleAccessor.newInstance(DirectConstructorHandleAccessor.java:62)
      	at java.base/java.lang.reflect.Constructor.newInstanceWithCaller(Constructor.java:501)
      	at java.base/java.lang.reflect.Constructor.newInstance(Constructor.java:485)
      	at org.openqa.selenium.remote.ErrorCodec.decode(ErrorCodec.java:167)
      	at org.openqa.selenium.remote.codec.w3c.W3CHttpResponseCodec.decode(W3CHttpResponseCodec.java:138)
      	at org.openqa.selenium.remote.codec.w3c.W3CHttpResponseCodec.decode(W3CHttpResponseCodec.java:50)
      	at org.openqa.selenium.remote.HttpCommandExecutor.execute(HttpCommandExecutor.java:190)
      	at org.openqa.selenium.remote.TracedCommandExecutor.execute(TracedCommandExecutor.java:53)
      	at org.openqa.selenium.remote.RemoteWebDriver.execute(RemoteWebDriver.java:545)
      	at org.openqa.selenium.remote.RemoteWebDriver.execute(RemoteWebDriver.java:618)
      	at org.openqa.selenium.remote.RemoteWebDriver.execute(RemoteWebDriver.java:622)
      	at org.openqa.selenium.remote.RemoteWebDriver.quit(RemoteWebDriver.java:446)
      	at steps.BaseSteps.tearDown(BaseSteps.java:42)&amp#27;[0m
]]></system-out>
  </testcase>
</testsuite>